(2015: 1:12:12:50) - (!) INITIALIZING GAME SERVER...
(2015: 1:12:12:50) - (!) Reading configuration file...
(2015: 1:12:12:50) - (*) Game server name : Huntzone
(2015: 1:12:12:50) - (*) Game server port : 3006
(2015: 1:12:12:50) - (*) Game server address : 10.0.0.3
(2015: 1:12:12:50) - (*) Log server address : 10.0.0.3
(2015: 1:12:12:50) - (*) Log server port : 4000
(2015: 1:12:12:50) - (*) Website address : helbreathint.net
(2015: 1:12:12:50) - (*) Website script address : /onlinestatus.php
(2015: 1:12:12:50) - (*) Website port : 80
(2015: 1:12:12:50) - (*) Game server External IP : 174.62.197.86
(2015: 1:12:12:50) - (*) Log server External address : 174.62.197.86
(2015: 1:12:12:50) - (*) Add map (areuni)   - Loading map info files...
(2015: 1:12:12:50) - (*) Add map (elvuni)   - Loading map info files...
(2015: 1:12:12:50) - (*) Add map (huntzone1)   - Loading map info files...
(2015: 1:12:12:50) - (*) Add map (huntzone2)   - Loading map info files...
(2015: 1:12:12:50) - (*) Add map (huntzone3)   - Loading map info files...
(2015: 1:12:12:50) - (*) Add map (huntzone4)   - Loading map info files...
(2015: 1:12:12:50) - (*) Gate server port : 5656
(2015: 1:12:12:50) - (!) Reading Notify Message list file...
(2015: 1:12:12:50) - (!) Try to connect sub-log-socket(0)... Addr:10.0.0.3  Port:5656
(2015: 1:12:12:50) - (!!!) Sub-log-socket(0) connected.
(2015: 1:12:12:50) - (!) Try to register game server(Huntzone)
(2015: 1:12:12:50) - (!!!) Log Socket Connection Established Log#(0) Address:10.0.0.3  Port:5656
(2015: 1:12:12:50) - (!) ITEM configuration contents received. Now decoding...
(2015: 1:12:12:50) - (!) ITEM(Total:291) configuration - success!
(2015: 1:12:12:50) - (!) ITEM configuration contents received. Now decoding...
(2015: 1:12:12:50) - (!) ITEM(Total:622) configuration - success!
(2015: 1:12:12:50) - (!) ITEM configuration contents received. Now decoding...
(2015: 1:12:12:50) - (!) ITEM(Total:1100) configuration - success!
(2015: 1:12:12:50) - (!) ITEM configuration contents received. Now decoding...
(2015: 1:12:12:50) - (!) ITEM(Total:0) configuration - success!
(2015: 1:12:12:50) - (!) BUILD-ITEM configuration contents received. Now decoding...
(2015: 1:12:12:50) - (!) BuildItem(Total:97) configuration - success!
(2015: 1:12:12:50) - (!) DupItemID file contents received. Now decoding...
(2015: 1:12:12:50) - (!) DupItemID(Total:13) configuration - success!
(2015: 1:12:12:50) - (!) MAGIC configuration contents received. Now decoding...
(2015: 1:12:12:50) - (!) MAGIC(Total:99) configuration - success!
(2015: 1:12:12:50) - (!) Noticement file contents received. Now decoding...
(2015: 1:12:12:50) - (!) Noticement Data Size: 439
(2015: 1:12:12:50) - (!) NPC configuration contents received. Now decoding...
(2015: 1:12:12:50) - (!) NPC(Total:137) configuration - success!
(2015: 1:12:12:50) - (!) POTION configuration contents received. Now decoding...
(2015: 1:12:12:50) - (!) POTION(Total:20) configuration - success!
(2015: 1:12:12:50) - (!) QUEST configuration contents received. Now decoding...
(2015: 1:12:12:50) - (!) QUEST(Total:173) configuration - success!
(2015: 1:12:12:50) - (!) SKILL configuration contents received. Now decoding...
(2015: 1:12:12:50) - (!) SKILL(Total:23) configuration - success!
(2015: 1:12:12:50) - (!!) CRAFTING(Total:38) configuration - success!
(2015: 1:12:12:50) - (!) TeleportListConfig file contents received. Now decoding...
(2015: 1:12:12:50) - (!) TELEPORT-LIST(Total:16) configuration - success!
(2015: 1:12:12:50) - (!) Game Server registration to Log Server - Success! GSID[3]
(2015: 1:12:12:50) - (!) Try to connect sub-log-socket(1)... Addr:10.0.0.3  Port:5656
(2015: 1:12:12:50) - (!!!) Sub-log-socket(1) connected.
(2015: 1:12:12:50) - (!) Try to register game server socket(1) on ID[3]
(2015: 1:12:12:50) - (!!!) Log Socket Connection Established Log#(1) Address:10.0.0.3  Port:5656
(2015: 1:12:12:50) - (!) Try to connect sub-log-socket(2)... Addr:10.0.0.3  Port:5656
(2015: 1:12:12:50) - (!!!) Sub-log-socket(2) connected.
(2015: 1:12:12:50) - (!) Try to register game server socket(2) on ID[3]
(2015: 1:12:12:50) - (!!!) Log Socket Connection Established Log#(2) Address:10.0.0.3  Port:5656
(2015: 1:12:12:50) - (!) Try to connect sub-log-socket(3)... Addr:10.0.0.3  Port:5656
(2015: 1:12:12:50) - (!!!) Sub-log-socket(3) connected.
(2015: 1:12:12:50) - (!) Try to register game server socket(3) on ID[3]
(2015: 1:12:12:50) - (!!!) Log Socket Connection Established Log#(3) Address:10.0.0.3  Port:5656
(2015: 1:12:12:50) - (!) Try to connect sub-log-socket(4)... Addr:10.0.0.3  Port:5656
(2015: 1:12:12:50) - (!!!) Sub-log-socket(4) connected.
(2015: 1:12:12:50) - (!) Try to register game server socket(4) on ID[3]
(2015: 1:12:12:50) - (!!!) Log Socket Connection Established Log#(4) Address:10.0.0.3  Port:5656
(2015: 1:12:12:50) - Initializing drops list...
(2015: 1:12:12:50) - Total drop items: 387
(2015: 1:12:12:50) - Sending start message...
(2015: 1:12:12:50) - (!) Map info file decoding(mapdata\areuni.txt) - success! TL(18) WP(9) LNPC(0) MXO(350) RMG(1 / 7)
(2015: 1:12:12:50) - (!) Map info file decoding(mapdata\elvuni.txt) - success! TL(9) WP(9) LNPC(0) MXO(350) RMG(1 / 7)
(2015: 1:12:12:50) - (!) Map info file decoding(mapdata\huntzone1.txt) - success! TL(33) WP(9) LNPC(0) MXO(350) RMG(1 / 16)
(2015: 1:12:12:50) - (!) Map info file decoding(mapdata\huntzone2.txt) - success! TL(31) WP(9) LNPC(0) MXO(350) RMG(1 / 16)
(2015: 1:12:12:50) - (!) Map info file decoding(mapdata\huntzone3.txt) - success! TL(6) WP(9) LNPC(0) MXO(350) RMG(1 / 6)
(2015: 1:12:12:50) - (!) Map info file decoding(mapdata\huntzone4.txt) - success! TL(9) WP(9) LNPC(0) MXO(350) RMG(1 / 6)
(2015: 1:12:12:50) - (!) Cannot open Crusade Schedule file.
(2015: 1:12:12:50) - (!) Reading CrusadeGUID file...
(2015: 1:12:12:50) - CrusadeGUID = 1
(2015: 1:12:12:50) - CrusadeWinnerSide = 0
(2015: 1:12:12:50) - (!) Reading Heldenian-GUID file...
(2015: 1:12:12:50) - (!!) Nobody Owned Heldenian In Last Type (1).
(2015: 1:12:12:50) - (!!) Nobody Owned Heldenian In Last Type (2).
(2015: 1:12:12:50) - (!!) Last Heldenian Type (No Last Type).
(2015: 1:12:12:50) - (!) Cannot open Scheduler file.
(2015: 1:12:12:50) - 
(2015: 1:12:12:50) - (!) Game Server Activated.
