(2015: 1:12:12:50) - (!) INITIALIZING GAME SERVER...
(2015: 1:12:12:50) - (!) Reading configuration file...
(2015: 1:12:12:50) - (*) Game server name : Aresden
(2015: 1:12:12:50) - (*) Game server port : 3002
(2015: 1:12:12:50) - (*) Game server address : 10.0.0.3
(2015: 1:12:12:50) - (*) Log server address : 10.0.0.3
(2015: 1:12:12:50) - (*) Log server port : 4000
(2015: 1:12:12:50) - (*) Website address : helbreathint.net
(2015: 1:12:12:50) - (*) Website script address : /onlinestatus.php
(2015: 1:12:12:50) - (*) Website port : 80
(2015: 1:12:12:50) - (*) Game server External IP : 174.62.197.86
(2015: 1:12:12:50) - (*) Log server External address : 174.62.197.86
(2015: 1:12:12:50) - (*) Add map (aresden)   - Loading map info files...
(2015: 1:12:12:50) - (*) Add map (arefarm)   - Loading map info files...
(2015: 1:12:12:50) - (*) Add map (aresdend1)   - Loading map info files...
(2015: 1:12:12:50) - (*) Add map (arebrk11)   - Loading map info files...
(2015: 1:12:12:50) - (*) Add map (arebrk12)   - Loading map info files...
(2015: 1:12:12:50) - (*) Add map (arebrk21)   - Loading map info files...
(2015: 1:12:12:50) - (*) Add map (arebrk22)   - Loading map info files...
(2015: 1:12:12:50) - (*) Add map (wrhus_1)   - Loading map info files...
(2015: 1:12:12:50) - (*) Add map (cityhall_1)   - Loading map info files...
(2015: 1:12:12:50) - (*) Add map (arewrhus)   - Loading map info files...
(2015: 1:12:12:50) - (*) Add map (resurr1)   - Loading map info files...
(2015: 1:12:12:50) - (*) Add map (gshop_1)   - Loading map info files...
(2015: 1:12:12:50) - (*) Add map (arejail)   - Loading map info files...
(2015: 1:12:12:50) - (*) Add map (cath_1)   - Loading map info files...
(2015: 1:12:12:50) - (*) Add map (wzdtwr_1)   - Loading map info files...
(2015: 1:12:12:50) - (*) Add map (gshop_1f)   - Loading map info files...
(2015: 1:12:12:50) - (*) Add map (wrhus_1f)   - Loading map info files...
(2015: 1:12:12:50) - (*) Add map (bsmith_1f)   - Loading map info files...
(2015: 1:12:12:50) - (*) Add map (bsmith_1)   - Loading map info files...
(2015: 1:12:12:50) - (*) Add map (gldhall_1)   - Loading map info files...
(2015: 1:12:12:50) - (*) Add map (CmdHall_1)   - Loading map info files...
(2015: 1:12:12:50) - (*) Gate server port : 5656
(2015: 1:12:12:50) - (!) Reading Notify Message list file...
(2015: 1:12:12:50) - (!) Try to connect sub-log-socket(0)... Addr:10.0.0.3  Port:5656
(2015: 1:12:12:50) - (!!!) Sub-log-socket(0) connected.
(2015: 1:12:12:50) - (!) Try to register game server(Aresden)
(2015: 1:12:12:50) - (!!!) Log Socket Connection Established Log#(0) Address:10.0.0.3  Port:5656
(2015: 1:12:12:50) - (!) ITEM configuration contents received. Now decoding...
(2015: 1:12:12:50) - (!) ITEM(Total:291) configuration - success!
(2015: 1:12:12:50) - (!) ITEM configuration contents received. Now decoding...
(2015: 1:12:12:50) - (!) ITEM(Total:622) configuration - success!
(2015: 1:12:12:50) - (!) ITEM configuration contents received. Now decoding...
(2015: 1:12:12:50) - (!) ITEM(Total:1100) configuration - success!
(2015: 1:12:12:50) - (!) ITEM configuration contents received. Now decoding...
(2015: 1:12:12:50) - (!) ITEM(Total:0) configuration - success!
(2015: 1:12:12:50) - (!) BUILD-ITEM configuration contents received. Now decoding...
(2015: 1:12:12:50) - (!) BuildItem(Total:97) configuration - success!
(2015: 1:12:12:50) - (!) DupItemID file contents received. Now decoding...
(2015: 1:12:12:50) - (!) DupItemID(Total:13) configuration - success!
(2015: 1:12:12:50) - (!) MAGIC configuration contents received. Now decoding...
(2015: 1:12:12:50) - (!) MAGIC(Total:99) configuration - success!
(2015: 1:12:12:50) - (!) Noticement file contents received. Now decoding...
(2015: 1:12:12:50) - (!) Noticement Data Size: 439
(2015: 1:12:12:50) - (!) NPC configuration contents received. Now decoding...
(2015: 1:12:12:50) - (!) NPC(Total:137) configuration - success!
(2015: 1:12:12:50) - (!) POTION configuration contents received. Now decoding...
(2015: 1:12:12:50) - (!) POTION(Total:20) configuration - success!
(2015: 1:12:12:50) - (!) QUEST configuration contents received. Now decoding...
(2015: 1:12:12:50) - (!) QUEST(Total:173) configuration - success!
(2015: 1:12:12:50) - (!) SKILL configuration contents received. Now decoding...
(2015: 1:12:12:50) - (!) SKILL(Total:23) configuration - success!
(2015: 1:12:12:50) - (!!) CRAFTING(Total:38) configuration - success!
(2015: 1:12:12:50) - (!) TeleportListConfig file contents received. Now decoding...
(2015: 1:12:12:50) - (!) TELEPORT-LIST(Total:16) configuration - success!
(2015: 1:12:12:50) - (!) Game Server registration to Log Server - Success! GSID[4]
(2015: 1:12:12:50) - (!) Try to connect sub-log-socket(1)... Addr:10.0.0.3  Port:5656
(2015: 1:12:12:50) - (!!!) Sub-log-socket(1) connected.
(2015: 1:12:12:50) - (!) Try to register game server socket(1) on ID[4]
(2015: 1:12:12:50) - (!!!) Log Socket Connection Established Log#(1) Address:10.0.0.3  Port:5656
(2015: 1:12:12:50) - (!) Try to connect sub-log-socket(2)... Addr:10.0.0.3  Port:5656
(2015: 1:12:12:50) - (!!!) Sub-log-socket(2) connected.
(2015: 1:12:12:50) - (!) Try to register game server socket(2) on ID[4]
(2015: 1:12:12:50) - (!!!) Log Socket Connection Established Log#(2) Address:10.0.0.3  Port:5656
(2015: 1:12:12:50) - (!) Try to connect sub-log-socket(3)... Addr:10.0.0.3  Port:5656
(2015: 1:12:12:50) - (!!!) Sub-log-socket(3) connected.
(2015: 1:12:12:50) - (!) Try to register game server socket(3) on ID[4]
(2015: 1:12:12:50) - (!!!) Log Socket Connection Established Log#(3) Address:10.0.0.3  Port:5656
(2015: 1:12:12:51) - (!) Try to connect sub-log-socket(4)... Addr:10.0.0.3  Port:5656
(2015: 1:12:12:51) - (!!!) Sub-log-socket(4) connected.
(2015: 1:12:12:51) - (!) Try to register game server socket(4) on ID[4]
(2015: 1:12:12:51) - (!!!) Log Socket Connection Established Log#(4) Address:10.0.0.3  Port:5656
(2015: 1:12:12:51) - Initializing drops list...
(2015: 1:12:12:51) - Total drop items: 387
(2015: 1:12:12:51) - Sending start message...
(2015: 1:12:12:51) - (!) Map info file decoding(mapdata\aresden.txt) - success! TL(91) WP(9) LNPC(0) MXO(600) RMG(1 / 1)
(2015: 1:12:12:51) - (!) Map info file decoding(mapdata\arefarm.txt) - success! TL(50) WP(10) LNPC(0) MXO(300) RMG(205 / 0)
(2015: 1:12:12:51) - (!) Map info file decoding(mapdata\aresdend1.txt) - success! TL(11) WP(9) LNPC(0) MXO(180) RMG(1 / 4)
(2015: 1:12:12:51) - (!) Map info file decoding(mapdata\arebrk11.txt) - success! TL(9) WP(10) LNPC(0) MXO(200) RMG(205 / 0)
(2015: 1:12:12:51) - (!) Map info file decoding(mapdata\arebrk12.txt) - success! TL(3) WP(10) LNPC(0) MXO(200) RMG(205 / 0)
(2015: 1:12:12:51) - (!) Map info file decoding(mapdata\arebrk21.txt) - success! TL(6) WP(10) LNPC(0) MXO(200) RMG(205 / 0)
(2015: 1:12:12:51) - (!) Map info file decoding(mapdata\arebrk22.txt) - success! TL(3) WP(10) LNPC(0) MXO(200) RMG(205 / 0)
(2015: 1:12:12:51) - (!) Map info file decoding(mapdata\wrhus_1.txt) - success! TL(4) WP(10) LNPC(1) MXO(-842150451) RMG(205 / 0)
(2015: 1:12:12:51) - (!) Map info file decoding(mapdata\cityhall_1.txt) - success! TL(3) WP(10) LNPC(1) MXO(-842150451) RMG(205 / 0)
(2015: 1:12:12:51) - (!) Map info file decoding(mapdata\arewrhus.txt) - success! TL(4) WP(10) LNPC(1) MXO(-842150451) RMG(205 / 0)
(2015: 1:12:12:51) - (!) Map info file decoding(mapdata\resurr1.txt) - success! TL(16) WP(0) LNPC(0) MXO(-842150451) RMG(205 / 0)
(2015: 1:12:12:51) - (!) Map info file decoding(mapdata\gshop_1.txt) - success! TL(5) WP(10) LNPC(1) MXO(-842150451) RMG(205 / 0)
(2015: 1:12:12:51) - (!) Map info file decoding(mapdata\arejail.txt) - success! TL(0) WP(0) LNPC(0) MXO(-842150451) RMG(205 / 0)
(2015: 1:12:12:51) - (!) Map info file decoding(mapdata\cath_1.txt) - success! TL(3) WP(10) LNPC(0) MXO(-842150451) RMG(205 / 0)
(2015: 1:12:12:51) - (!) Map info file decoding(mapdata\wzdtwr_1.txt) - success! TL(3) WP(10) LNPC(1) MXO(-842150451) RMG(205 / 0)
(2015: 1:12:12:51) - (!) Map info file decoding(mapdata\gshop_1f.txt) - success! TL(5) WP(10) LNPC(1) MXO(-842150451) RMG(205 / 0)
(2015: 1:12:12:51) - (!) Map info file decoding(mapdata\wrhus_1f.txt) - success! TL(6) WP(10) LNPC(1) MXO(-842150451) RMG(205 / 0)
(2015: 1:12:12:51) - (!) Map info file decoding(mapdata\bsmith_1f.txt) - success! TL(6) WP(10) LNPC(1) MXO(-842150451) RMG(205 / 0)
(2015: 1:12:12:51) - (!) Map info file decoding(mapdata\bsmith_1.txt) - success! TL(6) WP(10) LNPC(1) MXO(-842150451) RMG(205 / 0)
(2015: 1:12:12:51) - (!) Map info file decoding(mapdata\gldhall_1.txt) - success! TL(3) WP(10) LNPC(1) MXO(-842150451) RMG(205 / 0)
(2015: 1:12:12:51) - (!) Map info file decoding(mapdata\CmdHall_1.txt) - success! TL(8) WP(10) LNPC(1) MXO(-842150451) RMG(205 / 0)
(2015: 1:12:12:51) - (!) Cannot open Crusade Schedule file.
(2015: 1:12:12:51) - (!) Map(aresden) Strike Point(1) Related Map(cityhall_1) Index(8)
(2015: 1:12:12:51) - (!) Map(aresden) Strike Point(2) Related Map(gshop_1) Index(11)
(2015: 1:12:12:51) - (!) Map(aresden) Strike Point(3) Related Map(bsmith_1) Index(18)
(2015: 1:12:12:51) - (!) Map(aresden) Strike Point(4) Related Map(wrhus_1) Index(7)
(2015: 1:12:12:51) - (!) Reading CrusadeGUID file...
(2015: 1:12:12:51) - CrusadeGUID = 1
(2015: 1:12:12:51) - CrusadeWinnerSide = 0
(2015: 1:12:12:51) - (!) Reading Heldenian-GUID file...
(2015: 1:12:12:51) - (!!) Nobody Owned Heldenian In Last Type (1).
(2015: 1:12:12:51) - (!!) Nobody Owned Heldenian In Last Type (2).
(2015: 1:12:12:51) - (!!) Last Heldenian Type (No Last Type).
(2015: 1:12:12:51) - (!) Cannot open Scheduler file.
(2015: 1:12:12:51) - 
(2015: 1:12:12:51) - (!) Game Server Activated.
