(2015: 1:12: 1: 7) - (!!!) AUTO-SERVER-REBOOTING!
(2015: 1:12: 1:13) - (!!!) AUTO-SERVER-REBOOTING!
(2015: 1:12: 1:15) - (!!!) AUTO-SERVER-REBOOTING!
(2015: 1:12: 1:20) - (!!!) AUTO-SERVER-REBOOTING!
(2015: 1:12: 1:45) - (!!!) AUTO-SERVER-REBOOTING!
(2015: 1:12: 4:15) - (!!!) AUTO-SERVER-REBOOTING!
(2015: 1:12: 4:36) - (!!!) AUTO-SERVER-REBOOTING!
(2015: 1:12: 4:41) - (!!!) AUTO-SERVER-REBOOTING!
(2015: 1:12: 9:37) - (!!!) AUTO-SERVER-REBOOTING!
(2015: 1:12: 9:40) - Force disconnect:  Acc(life) PC(Not found) Count(10). (Account not connected here!)
(2015: 1:12: 9:40) - (!!!) AUTO-SERVER-REBOOTING!
(2015: 1:12: 9:43) - (!!!) AUTO-SERVER-REBOOTING!
(2015: 1:12: 9:47) - (!!!) AUTO-SERVER-REBOOTING!
(2015: 1:12: 9:48) - (!!!) AUTO-SERVER-REBOOTING!
(2015: 1:12:10:27) - (!!!) AUTO-SERVER-REBOOTING!
(2015: 1:12:10:33) - (!!!) AUTO-SERVER-REBOOTING!
(2015: 1:12:10:36) - (!!!) AUTO-SERVER-REBOOTING!
(2015: 1:12:10:38) - Force disconnect:  Acc(life) PC(Not found) Count(10). (Account not connected here!)
(2015: 1:12:10:38) - Force disconnect:  Acc(life) PC(Not found) Count(10). (Account not connected here!)
(2015: 1:12:10:45) - (!!!) AUTO-SERVER-REBOOTING!
(2015: 1:12:10:48) - (!!!) AUTO-SERVER-REBOOTING!
(2015: 1:12:10:49) - Force disconnect:  Acc(life) PC(Not found) Count(10). (Account not connected here!)
(2015: 1:12:10:50) - (!!!) AUTO-SERVER-REBOOTING!
(2015: 1:12:10:54) - (!!!) AUTO-SERVER-REBOOTING!
(2015: 1:12:10:59) - (!!!) AUTO-SERVER-REBOOTING!
(2015: 1:12:11: 7) - (!!!) AUTO-SERVER-REBOOTING!
(2015: 1:12:11:12) - (!!!) AUTO-SERVER-REBOOTING!
(2015: 1:12:11:17) - Force disconnect:  Acc(life) PC(test) Count(10). (Disconnected 181ms ago!)
(2015: 1:12:11:18) - (!!!) AUTO-SERVER-REBOOTING!
(2015: 1:12:11:20) - Force disconnect:  Acc(life) PC(test) Count(10). (Disconnected 45160ms ago!)
(2015: 1:12:11:43) - Force disconnect:  Acc(life) PC(test) Count(10). (Disconnected 1195ms ago!)
(2015: 1:12:11:48) - (!!!) AUTO-SERVER-REBOOTING!
(2015: 1:13: 1:23) - (!!!) AUTO-SERVER-REBOOTING!
(2015: 1:13: 5:54) - (!!!) AUTO-SERVER-REBOOTING!
(2015: 1:13: 5:59) - (!!!) AUTO-SERVER-REBOOTING!
(2015: 1:13: 6: 9) - (!!!) AUTO-SERVER-REBOOTING!
(2015: 1:13: 6:14) - (!!!) AUTO-SERVER-REBOOTING!
(2015: 1:13: 6:17) - (!!!) AUTO-SERVER-REBOOTING!
(2015: 1:13: 6:25) - (!!!) AUTO-SERVER-REBOOTING!
(2015: 1:13: 6:29) - (!!!) AUTO-SERVER-REBOOTING!
(2015: 1:13: 6:32) - Force disconnect:  Acc(life) PC(test) Count(10). (Disconnected 17012ms ago!)
(2015: 1:13: 6:53) - (!!!) AUTO-SERVER-REBOOTING!
(2015: 1:13: 7:36) - Force disconnect:  Acc(life) PC(test) Count(10). (Disconnected 14174ms ago!)
(2015: 1:13: 7:58) - Cn check:  PC(testfrf) (Gap=39705648) (nb:264)            - CCM missing, forbidden task on client's PC? (Disc.) 	IP(10.0.0.3)
(2015: 1:13: 7:58) - Force disconnect:  Acc(life) PC(testfrf) Count(10). (Disconnected 165ms ago!)
(2015: 1:14:12:37) - (!!!) AUTO-SERVER-REBOOTING!
(2015: 1:14:12:41) - (!!!) AUTO-SERVER-REBOOTING!
(2015: 1:14:12:57) - (!!!) AUTO-SERVER-REBOOTING!
(2015: 1:14:15:18) - (!!!) AUTO-SERVER-REBOOTING!
