(2015: 1: 8:13: 8) - Force disconnect:  Acc(life) PC(test) Count(10). (Disconnected 40ms ago!)
(2015: 1: 9: 4:36) - (!!!) Sub-log-socket(3) send error!
(2015: 1: 9: 4:36) - (!!!) AUTO-SERVER-REBOOTING!
(2015: 1:10: 8:34) - (!!!) AUTO-SERVER-REBOOTING!
(2015: 1:10: 8:35) - (!!!) AUTO-SERVER-REBOOTING!
(2015: 1:10: 8:36) - (!!!) AUTO-SERVER-REBOOTING!
(2015: 1:10: 8:38) - (!!!) AUTO-SERVER-REBOOTING!
(2015: 1:10: 8:39) - (!!!) AUTO-SERVER-REBOOTING!
(2015: 1:12: 1: 7) - (!!!) AUTO-SERVER-REBOOTING!
(2015: 1:12: 1:13) - (!!!) AUTO-SERVER-REBOOTING!
(2015: 1:12: 1:20) - (!!!) AUTO-SERVER-REBOOTING!
(2015: 1:12: 1:45) - (!!!) AUTO-SERVER-REBOOTING!
(2015: 1:12: 4:15) - (!!!) AUTO-SERVER-REBOOTING!
(2015: 1:12: 4:36) - (!!!) AUTO-SERVER-REBOOTING!
(2015: 1:12: 4:41) - (!!!) AUTO-SERVER-REBOOTING!
(2015: 1:12: 9:37) - (!!!) AUTO-SERVER-REBOOTING!
(2015: 1:12: 9:40) - Force disconnect:  Acc(life) PC(Not found) Count(10). (Account not connected here!)
(2015: 1:12: 9:40) - (!!!) AUTO-SERVER-REBOOTING!
(2015: 1:12: 9:43) - (!!!) AUTO-SERVER-REBOOTING!
(2015: 1:12: 9:47) - (!!!) AUTO-SERVER-REBOOTING!
(2015: 1:12: 9:48) - (!!!) AUTO-SERVER-REBOOTING!
(2015: 1:12:10:25) - Force disconnect:  Acc(life) PC(test) Count(10). (Disconnected 50003ms ago!)
(2015: 1:12:10:27) - (!!!) AUTO-SERVER-REBOOTING!
(2015: 1:12:10:32) - Force disconnect:  Acc(life) PC(test) Count(10). (Disconnected 50075ms ago!)
(2015: 1:12:10:33) - (!!!) AUTO-SERVER-REBOOTING!
(2015: 1:12:10:34) - Force disconnect:  Acc(life) PC(test) Count(10). (Disconnected 8043ms ago!)
(2015: 1:12:10:34) - Force disconnect:  Acc(life) PC(test) Count(10). (Disconnected 25938ms ago!)
(2015: 1:12:10:35) - Force disconnect:  Acc(life) PC(test) Count(10). (Disconnected 38943ms ago!)
(2015: 1:12:10:36) - (!!!) AUTO-SERVER-REBOOTING!
(2015: 1:12:10:45) - (!!!) AUTO-SERVER-REBOOTING!
(2015: 1:12:10:47) - Force disconnect:  Acc(life) PC(test) Count(10). (Disconnected 22328ms ago!)
(2015: 1:12:10:48) - (!!!) AUTO-SERVER-REBOOTING!
(2015: 1:12:10:50) - (!!!) AUTO-SERVER-REBOOTING!
(2015: 1:12:10:53) - Force disconnect:  Acc(life) PC(test) Count(10). (Disconnected 5688ms ago!)
(2015: 1:12:10:54) - (!!!) AUTO-SERVER-REBOOTING!
(2015: 1:12:10:56) - Force disconnect:  Acc(life) PC(test) Count(10). (Disconnected 3094ms ago!)
(2015: 1:12:10:59) - (!!!) AUTO-SERVER-REBOOTING!
(2015: 1:12:11: 2) - Force disconnect:  Acc(life) PC(test) Count(10). (Disconnected 50165ms ago!)
(2015: 1:12:11: 7) - (!!!) AUTO-SERVER-REBOOTING!
(2015: 1:12:11:12) - (!!!) AUTO-SERVER-REBOOTING!
(2015: 1:12:11:18) - (!!!) AUTO-SERVER-REBOOTING!
(2015: 1:12:11:48) - (!!!) AUTO-SERVER-REBOOTING!
